# JRE version: Java(TM) SE Runtime Environment (8.0_251-b08) (build 1.8.0_251-b08)
# Java VM: Java HotSpot(TM) 64-Bit Server VM (25.251-b08 mixed mode windows-amd64 compressed oops)
Heap:
 PSYoungGen      total 126976K, used 49405K [0x00000000f5580000, 0x00000000fdf80000, 0x0000000100000000)
  eden space 115712K, 34% used [0x00000000f5580000,0x00000000f7bf7308,0x00000000fc680000)
  from space 11264K, 88% used [0x00000000fd480000,0x00000000fde481b8,0x00000000fdf80000)
  to   space 12800K, 0% used [0x00000000fc680000,0x00000000fc680000,0x00000000fd300000)
 ParOldGen       total 175104K, used 6762K [0x00000000e0000000, 0x00000000eab00000, 0x00000000f5580000)
  object space 175104K, 3% used [0x00000000e0000000,0x00000000e069abe0,0x00000000eab00000)
 Metaspace       used 34346K, capacity 35180K, committed 35328K, reserved 1079296K
  class space    used 4877K, capacity 5105K, committed 5120K, reserved 1048576K
GC Heap History (10 events):
Event: 2.034 GC heap before
{Heap before GC invocations=3 (full 0):
 PSYoungGen      total 76288K, used 75318K [0x00000000f5580000, 0x00000000faa80000, 0x0000000100000000)
  eden space 65536K, 100% used [0x00000000f5580000,0x00000000f9580000,0x00000000f9580000)
  from space 10752K, 90% used [0x00000000fa000000,0x00000000fa98d9a0,0x00000000faa80000)
  to   space 10752K, 0% used [0x00000000f9580000,0x00000000f9580000,0x00000000fa000000)
 ParOldGen       total 175104K, used 24K [0x00000000e0000000, 0x00000000eab00000, 0x00000000f5580000)
  object space 175104K, 0% used [0x00000000e0000000,0x00000000e0006000,0x00000000eab00000)
 Metaspace       used 20510K, capacity 21090K, committed 21296K, reserved 1067008K
  class space    used 2958K, capacity 3123K, committed 3200K, reserved 1048576K
Event: 2.040 GC heap after
Heap after GC invocations=3 (full 0):
 PSYoungGen      total 76288K, used 10733K [0x00000000f5580000, 0x00000000faa80000, 0x0000000100000000)
  eden space 65536K, 0% used [0x00000000f5580000,0x00000000f5580000,0x00000000f9580000)
  from space 10752K, 99% used [0x00000000f9580000,0x00000000f9ffb568,0x00000000fa000000)
  to   space 10752K, 0% used [0x00000000fa000000,0x00000000fa000000,0x00000000faa80000)
 ParOldGen       total 175104K, used 865K [0x00000000e0000000, 0x00000000eab00000, 0x00000000f5580000)
  object space 175104K, 0% used [0x00000000e0000000,0x00000000e00d85b8,0x00000000eab00000)
 Metaspace       used 20510K, capacity 21090K, committed 21296K, reserved 1067008K
  class space    used 2958K, capacity 3123K, committed 3200K, reserved 1048576K
}
Event: 2.058 GC heap before
{Heap before GC invocations=4 (full 0):
 PSYoungGen      total 76288K, used 15362K [0x00000000f5580000, 0x00000000faa80000, 0x0000000100000000)
  eden space 65536K, 7% used [0x00000000f5580000,0x00000000f5a052f0,0x00000000f9580000)
  from space 10752K, 99% used [0x00000000f9580000,0x00000000f9ffb568,0x00000000fa000000)
  to   space 10752K, 0% used [0x00000000fa000000,0x00000000fa000000,0x00000000faa80000)
 ParOldGen       total 175104K, used 865K [0x00000000e0000000, 0x00000000eab00000, 0x00000000f5580000)
  object space 175104K, 0% used [0x00000000e0000000,0x00000000e00d85b8,0x00000000eab00000)
 Metaspace       used 20687K, capacity 21218K, committed 21296K, reserved 1067008K
  class space    used 2989K, capacity 3187K, committed 3200K, reserved 1048576K
Event: 2.063 GC heap after
Heap after GC invocations=4 (full 0):
 PSYoungGen      total 76288K, used 6964K [0x00000000f5580000, 0x00000000fea80000, 0x0000000100000000)
  eden space 65536K, 0% used [0x00000000f5580000,0x00000000f5580000,0x00000000f9580000)
  from space 10752K, 64% used [0x00000000fa000000,0x00000000fa6cd040,0x00000000faa80000)
  to   space 10752K, 0% used [0x00000000f9580000,0x00000000f9580000,0x00000000fa000000)
 ParOldGen       total 175104K, used 873K [0x00000000e0000000, 0x00000000eab00000, 0x00000000f5580000)
  object space 175104K, 0% used [0x00000000e0000000,0x00000000e00da5b8,0x00000000eab00000)
 Metaspace       used 20687K, capacity 21218K, committed 21296K, reserved 1067008K
  class space    used 2989K, capacity 3187K, committed 3200K, reserved 1048576K
}
Event: 2.063 GC heap before
{Heap before GC invocations=5 (full 1):
 PSYoungGen      total 76288K, used 6964K [0x00000000f5580000, 0x00000000fea80000, 0x0000000100000000)
  eden space 65536K, 0% used [0x00000000f5580000,0x00000000f5580000,0x00000000f9580000)
  from space 10752K, 64% used [0x00000000fa000000,0x00000000fa6cd040,0x00000000faa80000)
  to   space 10752K, 0% used [0x00000000f9580000,0x00000000f9580000,0x00000000fa000000)
 ParOldGen       total 175104K, used 873K [0x00000000e0000000, 0x00000000eab00000, 0x00000000f5580000)
  object space 175104K, 0% used [0x00000000e0000000,0x00000000e00da5b8,0x00000000eab00000)
 Metaspace       used 20687K, capacity 21218K, committed 21296K, reserved 1067008K
  class space    used 2989K, capacity 3187K, committed 3200K, reserved 1048576K
Event: 2.087 GC heap after
Heap after GC invocations=5 (full 1):
 PSYoungGen      total 76288K, used 0K [0x00000000f5580000, 0x00000000fea80000, 0x0000000100000000)
  eden space 65536K, 0% used [0x00000000f5580000,0x00000000f5580000,0x00000000f9580000)
  from space 10752K, 0% used [0x00000000fa000000,0x00000000fa000000,0x00000000faa80000)
  to   space 10752K, 0% used [0x00000000f9580000,0x00000000f9580000,0x00000000fa000000)
 ParOldGen       total 175104K, used 6746K [0x00000000e0000000, 0x00000000eab00000, 0x00000000f5580000)
  object space 175104K, 3% used [0x00000000e0000000,0x00000000e0696be0,0x00000000eab00000)
 Metaspace       used 20687K, capacity 21218K, committed 21296K, reserved 1067008K
  class space    used 2989K, capacity 3187K, committed 3200K, reserved 1048576K
}
Event: 2.677 GC heap before
{Heap before GC invocations=6 (full 1):
 PSYoungGen      total 76288K, used 65536K [0x00000000f5580000, 0x00000000fea80000, 0x0000000100000000)
  eden space 65536K, 100% used [0x00000000f5580000,0x00000000f9580000,0x00000000f9580000)
  from space 10752K, 0% used [0x00000000fa000000,0x00000000fa000000,0x00000000faa80000)
  to   space 10752K, 0% used [0x00000000f9580000,0x00000000f9580000,0x00000000fa000000)
 ParOldGen       total 175104K, used 6746K [0x00000000e0000000, 0x00000000eab00000, 0x00000000f5580000)
  object space 175104K, 3% used [0x00000000e0000000,0x00000000e0696be0,0x00000000eab00000)
 Metaspace       used 29039K, capacity 29620K, committed 29824K, reserved 1075200K
  class space    used 3981K, capacity 4168K, committed 4224K, reserved 1048576K
Event: 2.685 GC heap after
Heap after GC invocations=6 (full 1):
 PSYoungGen      total 76288K, used 8535K [0x00000000f5580000, 0x00000000fe080000, 0x0000000100000000)
  eden space 65536K, 0% used [0x00000000f5580000,0x00000000f5580000,0x00000000f9580000)
  from space 10752K, 79% used [0x00000000f9580000,0x00000000f9dd5de8,0x00000000fa000000)
  to   space 12288K, 0% used [0x00000000fd480000,0x00000000fd480000,0x00000000fe080000)
 ParOldGen       total 175104K, used 6754K [0x00000000e0000000, 0x00000000eab00000, 0x00000000f5580000)
  object space 175104K, 3% used [0x00000000e0000000,0x00000000e0698be0,0x00000000eab00000)
 Metaspace       used 29039K, capacity 29620K, committed 29824K, reserved 1075200K
  class space    used 3981K, capacity 4168K, committed 4224K, reserved 1048576K
}
Event: 3.265 GC heap before
{Heap before GC invocations=7 (full 1):
 PSYoungGen      total 76288K, used 74071K [0x00000000f5580000, 0x00000000fe080000, 0x0000000100000000)
  eden space 65536K, 100% used [0x00000000f5580000,0x00000000f9580000,0x00000000f9580000)
  from space 10752K, 79% used [0x00000000f9580000,0x00000000f9dd5de8,0x00000000fa000000)
  to   space 12288K, 0% used [0x00000000fd480000,0x00000000fd480000,0x00000000fe080000)
 ParOldGen       total 175104K, used 6754K [0x00000000e0000000, 0x00000000eab00000, 0x00000000f5580000)
  object space 175104K, 3% used [0x00000000e0000000,0x00000000e0698be0,0x00000000eab00000)
 Metaspace       used 32829K, capacity 33620K, committed 33792K, reserved 1079296K
  class space    used 4606K, capacity 4816K, committed 4864K, reserved 1048576K
Event: 3.272 GC heap after
Heap after GC invocations=7 (full 1):
 PSYoungGen      total 126976K, used 10016K [0x00000000f5580000, 0x00000000fdf80000, 0x0000000100000000)
  eden space 115712K, 0% used [0x00000000f5580000,0x00000000f5580000,0x00000000fc680000)
  from space 11264K, 88% used [0x00000000fd480000,0x00000000fde481b8,0x00000000fdf80000)
  to   space 12800K, 0% used [0x00000000fc680000,0x00000000fc680000,0x00000000fd300000)
 ParOldGen       total 175104K, used 6762K [0x00000000e0000000, 0x00000000eab00000, 0x00000000f5580000)
  object space 175104K, 3% used [0x00000000e0000000,0x00000000e069abe0,0x00000000eab00000)
 Metaspace       used 32829K, capacity 33620K, committed 33792K, reserved 1079296K
  class space    used 4606K, capacity 4816K, committed 4864K, reserved 1048576K
}

